2018/07/16 09:33:20 Starting cygwin install, version 2.891
2018/07/16 09:33:20 User has backup/restore rights
2018/07/16 09:33:20 io_stream_cygfile: fopen(/etc/setup/setup.rc) failed 2 No such file or directory
2018/07/16 09:33:20 Current Directory: C:\Users\Bri\Downloads
2018/07/16 09:33:20 Could not open service McShield for query, start and stop. McAfee may not be installed, or we don't have access.
2018/07/16 09:33:37 source: network install
2018/07/16 09:34:21 mbox yesno: Warning: we recommend you do not use the root of your hard drive as the cygwin root, to prevent possible conflicts with other programs.  Proceed anyway?
2018/07/16 09:34:55 mbox yesno: You should not choose a root path that include spaces in directory names.  Proceed anyway?
2018/07/16 09:35:12 root: E:\pratice system
2018/07/16 09:35:14 Selected local directory: C:\Users\Bri\Downloads
2018/07/16 09:35:22 net: Preconfig
2018/07/16 09:35:55 site: http://cygwin.mirror.constant.com/
2018/07/16 09:36:00 io_stream_cygfile: fopen(/etc/setup/timestamp) failed 2 No such file or directory
2018/07/16 09:36:03 io_stream_cygfile: fopen(/etc/setup/installed.db) failed 2 No such file or directory
2018/07/16 09:36:03 solving: 36 tasks, update: yes, use test packages: no
2018/07/16 09:36:03 Augmented Transaction List:
2018/07/16 09:36:03    0 install                                     base-cygwin               3.8-1
2018/07/16 09:36:03    1 install                                          cygwin            2.10.0-1
2018/07/16 09:36:03    2 install                                           login              1.12-1
2018/07/16 09:36:03    3 install                                          mintty             2.9.0-0
2018/07/16 09:36:03    4 install                                        terminfo     6.0-12.20171125
2018/07/16 09:36:03    5 install                                          tzdata             2018e-1
2018/07/16 09:36:03    6 install                                  libpopt-common              1.16-2
2018/07/16 09:36:03    7 install                                         libffi6             3.2.1-2
2018/07/16 09:36:03    8 install                                      libtasn1_6              4.13-1
2018/07/16 09:36:03    9 install                                        liblzma5             5.2.3-1
2018/07/16 09:36:03   10 install                                        libbz2_1             1.0.6-3
2018/07/16 09:36:03   11 install                                        libgmp10             6.1.2-1
2018/07/16 09:36:03   12 install                                         libargp          20110921-3
2018/07/16 09:36:03   13 install                                        libpcre1              8.40-3
2018/07/16 09:36:03   14 install                                         libgcc1             7.3.0-3
2018/07/16 09:36:03   15 install                                    libpipeline1             1.4.0-1
2018/07/16 09:36:03   16 install                                           zlib0            1.2.11-1
2018/07/16 09:36:03   17 install                                       libiconv2              1.14-3
2018/07/16 09:36:03   18 install                                     libsigsegv2              2.10-2
2018/07/16 09:36:03   19 install                                           which              2.20-2
2018/07/16 09:36:03   20 install                                             run             1.3.4-2
2018/07/16 09:36:03   21 install                                       ipc-utils               1.0-2
2018/07/16 09:36:03   22 install                                        hostname              3.13-1
2018/07/16 09:36:03   23 install                                      editrights              1.03-1
2018/07/16 09:36:03   24 install                                            dash           0.5.9.1-1
2018/07/16 09:36:03   25 install                                   libncursesw10     6.0-12.20171125
2018/07/16 09:36:03   26 install                                          getent           2.18.90-4
2018/07/16 09:36:03   27 install                                        libmpfr6           4.0.1-3p6
2018/07/16 09:36:03   28 install                                      libstdc++6             7.3.0-3
2018/07/16 09:36:03   29 install                                            file              5.32-1
2018/07/16 09:36:03   30 install                                        libintl8          0.19.8.1-2
2018/07/16 09:36:03   31 install                                     _autorebase            001007-1
2018/07/16 09:36:03   32 install                                            less               530-1
2018/07/16 09:36:03   33 install                                     vim-minimal          8.0.1567-1
2018/07/16 09:36:03   34 install                                         ncurses     6.0-12.20171125
2018/07/16 09:36:03   35 install                                    libreadline7             7.0.3-3
2018/07/16 09:36:03   36 install                                     libp11-kit0           0.23.10-1
2018/07/16 09:36:03   37 install                                        libpopt0              1.16-2
2018/07/16 09:36:03   38 install                                        libiconv              1.14-3
2018/07/16 09:36:03   39 install                                        libgdbm4              1.12-1
2018/07/16 09:36:03   40 install                                        libuuid1            2.25.2-2
2018/07/16 09:36:03   41 install                                   libsmartcols1            2.25.2-2
2018/07/16 09:36:03   42 install                                        libattr1            2.4.46-1
2018/07/16 09:36:03   43 install                                             sed               4.4-1
2018/07/16 09:36:03   44 install                                            info               6.5-2
2018/07/16 09:36:03   45 install                                       diffutils               3.5-2
2018/07/16 09:36:03   46 install                                    alternatives          1.3.30c-10
2018/07/16 09:36:03   47 install                                            gawk             4.2.1-1
2018/07/16 09:36:03   48 install                                   p11-kit-trust           0.23.10-1
2018/07/16 09:36:03   49 install                                         p11-kit           0.23.10-1
2018/07/16 09:36:03   50 install                                        cygutils            1.4.16-2
2018/07/16 09:36:03   51 install                                       libblkid1            2.25.2-2
2018/07/16 09:36:03   52 install                                       coreutils              8.26-2
2018/07/16 09:36:03   53 install                                      util-linux            2.25.2-2
2018/07/16 09:36:03   54 install                                            bash            4.4.12-3
2018/07/16 09:36:03   55 install                                          tzcode             2018e-1
2018/07/16 09:36:03   56 install                                 ca-certificates              2.22-1
2018/07/16 09:36:03   57 install                                           groff            1.22.3-1
2018/07/16 09:36:03   58 install                                              xz             5.2.3-1
2018/07/16 09:36:03   59 install                                           bzip2             1.0.6-3
2018/07/16 09:36:03   60 install                                            gzip               1.8-1
2018/07/16 09:36:03   61 install                                            grep               3.0-2
2018/07/16 09:36:03   62 install                                       findutils             4.6.0-1
2018/07/16 09:36:03   63 install                                   libopenssl100            1.0.2o-1
2018/07/16 09:36:03   64 install                                             tar              1.29-1
2018/07/16 09:36:03   65 install                                          man-db           2.7.6.1-1
2018/07/16 09:36:03   66 install                                          rebase             4.4.4-1
2018/07/16 09:36:03   67 install                                      base-files               4.2-4
2018/07/16 09:36:03   68 install                                         openssl            1.0.2o-1
2018/07/16 09:39:14 solving: 70 tasks, update: no, use test packages: no
2018/07/16 09:39:14 Augmented Transaction List:
2018/07/16 09:39:14    0 install                                     base-cygwin               3.8-1
2018/07/16 09:39:14    1 install                                          cygwin            2.10.0-1
2018/07/16 09:39:14    2 install                                  libpopt-common              1.16-2
2018/07/16 09:39:14    3 install                                           login              1.12-1
2018/07/16 09:39:14    4 install                                          mintty             2.9.0-0
2018/07/16 09:39:14    5 install                                        terminfo     6.0-12.20171125
2018/07/16 09:39:14    6 install                                          tzdata             2018e-1
2018/07/16 09:39:14    7 install                                    cygwin-devel            2.10.0-1
2018/07/16 09:39:14    8 install                                  w32api-headers             5.0.4-1
2018/07/16 09:39:14    9 install                        windows-default-manifest               6.4-1
2018/07/16 09:39:14   10 install                                      libatomic1             7.3.0-3
2018/07/16 09:39:14   11 install                                           zlib0            1.2.11-1
2018/07/16 09:39:14   12 install                                           which              2.20-2
2018/07/16 09:39:14   13 install                                             run             1.3.4-2
2018/07/16 09:39:14   14 install                                      libtasn1_6              4.13-1
2018/07/16 09:39:14   15 install                                     libsigsegv2              2.10-2
2018/07/16 09:39:14   16 install                                    libpipeline1             1.4.0-1
2018/07/16 09:39:14   17 install                                        libpcre1              8.40-3
2018/07/16 09:39:14   18 install                                        liblzma5             5.2.3-1
2018/07/16 09:39:14   19 install                                       libiconv2              1.14-3
2018/07/16 09:39:14   20 install                                        libgmp10             6.1.2-1
2018/07/16 09:39:14   21 install                                         libgcc1             7.3.0-3
2018/07/16 09:39:14   22 install                                         libffi6             3.2.1-2
2018/07/16 09:39:14   23 install                                        libbz2_1             1.0.6-3
2018/07/16 09:39:14   24 install                                         libargp          20110921-3
2018/07/16 09:39:14   25 install                                       ipc-utils               1.0-2
2018/07/16 09:39:14   26 install                                        hostname              3.13-1
2018/07/16 09:39:14   27 install                                      editrights              1.03-1
2018/07/16 09:39:14   28 install                                            dash           0.5.9.1-1
2018/07/16 09:39:14   29 install                                   libncursesw10     6.0-12.20171125
2018/07/16 09:39:14   30 install                                  w32api-runtime             5.0.4-1
2018/07/16 09:39:14   31 install                                            file              5.32-1
2018/07/16 09:39:14   32 install                                        libintl8          0.19.8.1-2
2018/07/16 09:39:14   33 install                                        libisl15            0.16.1-1
2018/07/16 09:39:14   34 install                                    libquadmath0             7.3.0-3
2018/07/16 09:39:14   35 install                                        libgomp1             7.3.0-3
2018/07/16 09:39:14   36 install                                      libstdc++6             7.3.0-3
2018/07/16 09:39:14   37 install                                        libmpfr6           4.0.1-3p6
2018/07/16 09:39:14   38 install                                          getent           2.18.90-4
2018/07/16 09:39:14   39 install                                     _autorebase            001007-1
2018/07/16 09:39:14   40 install                                     vim-minimal          8.0.1567-1
2018/07/16 09:39:14   41 install                                         ncurses     6.0-12.20171125
2018/07/16 09:39:14   42 install                                    libreadline7             7.0.3-3
2018/07/16 09:39:14   43 install                                            less               530-1
2018/07/16 09:39:14   44 install                                        binutils              2.29-1
2018/07/16 09:39:14   45 install                                             sed               4.4-1
2018/07/16 09:39:14   46 install                                        libuuid1            2.25.2-2
2018/07/16 09:39:14   47 install                                   libsmartcols1            2.25.2-2
2018/07/16 09:39:14   48 install                                        libpopt0              1.16-2
2018/07/16 09:39:14   49 install                                     libp11-kit0           0.23.10-1
2018/07/16 09:39:14   50 install                                        libiconv              1.14-3
2018/07/16 09:39:14   51 install                                        libgdbm4              1.12-1
2018/07/16 09:39:14   52 install                                        libattr1            2.4.46-1
2018/07/16 09:39:14   53 install                                            info               6.5-2
2018/07/16 09:39:14   54 install                                       diffutils               3.5-2
2018/07/16 09:39:14   55 install                                    alternatives          1.3.30c-10
2018/07/16 09:39:14   56 install                                         libmpc3             1.1.0-1
2018/07/16 09:39:14   57 install                                            gawk             4.2.1-1
2018/07/16 09:39:14   58 install                                       libblkid1            2.25.2-2
2018/07/16 09:39:14   59 install                                        cygutils            1.4.16-2
2018/07/16 09:39:14   60 install                                   p11-kit-trust           0.23.10-1
2018/07/16 09:39:14   61 install                                         p11-kit           0.23.10-1
2018/07/16 09:39:14   62 install                                       coreutils              8.26-2
2018/07/16 09:39:14   63 install                                      util-linux            2.25.2-2
2018/07/16 09:39:14   64 install                                            bash            4.4.12-3
2018/07/16 09:39:14   65 install                                          tzcode             2018e-1
2018/07/16 09:39:14   66 install                                        gcc-core             7.3.0-3
2018/07/16 09:39:14   67 install                                              xz             5.2.3-1
2018/07/16 09:39:14   68 install                                            gzip               1.8-1
2018/07/16 09:39:14   69 install                                           groff            1.22.3-1
2018/07/16 09:39:14   70 install                                            grep               3.0-2
2018/07/16 09:39:14   71 install                                       findutils             4.6.0-1
2018/07/16 09:39:14   72 install                                 ca-certificates              2.22-1
2018/07/16 09:39:14   73 install                                           bzip2             1.0.6-3
2018/07/16 09:39:14   74 install                                         gcc-g++             7.3.0-3
2018/07/16 09:39:14   75 install                                          man-db           2.7.6.1-1
2018/07/16 09:39:14   76 install                                          rebase             4.4.4-1
2018/07/16 09:39:14   77 install                                      base-files               4.2-4
2018/07/16 09:39:14   78 install                                   libopenssl100            1.0.2o-1
2018/07/16 09:39:14   79 install                                             tar              1.29-1
2018/07/16 09:39:14   80 install                                         openssl            1.0.2o-1
2018/07/16 09:39:14 Augmented Transaction List:
2018/07/16 09:39:14    0 install                                     base-cygwin               3.8-1
2018/07/16 09:39:14    1 install                                          cygwin            2.10.0-1
2018/07/16 09:39:14    2 install                                  libpopt-common              1.16-2
2018/07/16 09:39:14    3 install                                           login              1.12-1
2018/07/16 09:39:14    4 install                                          mintty             2.9.0-0
2018/07/16 09:39:14    5 install                                        terminfo     6.0-12.20171125
2018/07/16 09:39:14    6 install                                          tzdata             2018e-1
2018/07/16 09:39:14    7 install                                    cygwin-devel            2.10.0-1
2018/07/16 09:39:14    8 install                                  w32api-headers             5.0.4-1
2018/07/16 09:39:14    9 install                        windows-default-manifest               6.4-1
2018/07/16 09:39:14   10 install                                      libatomic1             7.3.0-3
2018/07/16 09:39:14   11 install                                           zlib0            1.2.11-1
2018/07/16 09:39:14   12 install                                           which              2.20-2
2018/07/16 09:39:14   13 install                                             run             1.3.4-2
2018/07/16 09:39:14   14 install                                      libtasn1_6              4.13-1
2018/07/16 09:39:14   15 install                                     libsigsegv2              2.10-2
2018/07/16 09:39:14   16 install                                    libpipeline1             1.4.0-1
2018/07/16 09:39:14   17 install                                        libpcre1              8.40-3
2018/07/16 09:39:14   18 install                                        liblzma5             5.2.3-1
2018/07/16 09:39:14   19 install                                       libiconv2              1.14-3
2018/07/16 09:39:14   20 install                                        libgmp10             6.1.2-1
2018/07/16 09:39:14   21 install                                         libgcc1             7.3.0-3
2018/07/16 09:39:14   22 install                                         libffi6             3.2.1-2
2018/07/16 09:39:14   23 install                                        libbz2_1             1.0.6-3
2018/07/16 09:39:14   24 install                                         libargp          20110921-3
2018/07/16 09:39:14   25 install                                       ipc-utils               1.0-2
2018/07/16 09:39:14   26 install                                        hostname              3.13-1
2018/07/16 09:39:14   27 install                                      editrights              1.03-1
2018/07/16 09:39:14   28 install                                            dash           0.5.9.1-1
2018/07/16 09:39:14   29 install                                   libncursesw10     6.0-12.20171125
2018/07/16 09:39:14   30 install                                  w32api-runtime             5.0.4-1
2018/07/16 09:39:14   31 install                                            file              5.32-1
2018/07/16 09:39:14   32 install                                        libintl8          0.19.8.1-2
2018/07/16 09:39:14   33 install                                        libisl15            0.16.1-1
2018/07/16 09:39:14   34 install                                    libquadmath0             7.3.0-3
2018/07/16 09:39:14   35 install                                        libgomp1             7.3.0-3
2018/07/16 09:39:14   36 install                                      libstdc++6             7.3.0-3
2018/07/16 09:39:14   37 install                                        libmpfr6           4.0.1-3p6
2018/07/16 09:39:14   38 install                                          getent           2.18.90-4
2018/07/16 09:39:14   39 install                                     _autorebase            001007-1
2018/07/16 09:39:14   40 install                                     vim-minimal          8.0.1567-1
2018/07/16 09:39:14   41 install                                         ncurses     6.0-12.20171125
2018/07/16 09:39:14   42 install                                    libreadline7             7.0.3-3
2018/07/16 09:39:14   43 install                                            less               530-1
2018/07/16 09:39:14   44 install                                        binutils              2.29-1
2018/07/16 09:39:14   45 install                                             sed               4.4-1
2018/07/16 09:39:14   46 install                                        libuuid1            2.25.2-2
2018/07/16 09:39:14   47 install                                   libsmartcols1            2.25.2-2
2018/07/16 09:39:14   48 install                                        libpopt0              1.16-2
2018/07/16 09:39:14   49 install                                     libp11-kit0           0.23.10-1
2018/07/16 09:39:14   50 install                                        libiconv              1.14-3
2018/07/16 09:39:14   51 install                                        libgdbm4              1.12-1
2018/07/16 09:39:14   52 install                                        libattr1            2.4.46-1
2018/07/16 09:39:14   53 install                                            info               6.5-2
2018/07/16 09:39:14   54 install                                       diffutils               3.5-2
2018/07/16 09:39:14   55 install                                    alternatives          1.3.30c-10
2018/07/16 09:39:14   56 install                                         libmpc3             1.1.0-1
2018/07/16 09:39:14   57 install                                            gawk             4.2.1-1
2018/07/16 09:39:14   58 install                                       libblkid1            2.25.2-2
2018/07/16 09:39:14   59 install                                        cygutils            1.4.16-2
2018/07/16 09:39:14   60 install                                   p11-kit-trust           0.23.10-1
2018/07/16 09:39:14   61 install                                         p11-kit           0.23.10-1
2018/07/16 09:39:14   62 install                                       coreutils              8.26-2
2018/07/16 09:39:14   63 install                                      util-linux            2.25.2-2
2018/07/16 09:39:14   64 install                                            bash            4.4.12-3
2018/07/16 09:39:14   65 install                                          tzcode             2018e-1
2018/07/16 09:39:14   66 install                                        gcc-core             7.3.0-3
2018/07/16 09:39:14   67 install                                              xz             5.2.3-1
2018/07/16 09:39:14   68 install                                            gzip               1.8-1
2018/07/16 09:39:14   69 install                                           groff            1.22.3-1
2018/07/16 09:39:14   70 install                                            grep               3.0-2
2018/07/16 09:39:14   71 install                                       findutils             4.6.0-1
2018/07/16 09:39:14   72 install                                 ca-certificates              2.22-1
2018/07/16 09:39:14   73 install                                           bzip2             1.0.6-3
2018/07/16 09:39:14   74 install                                         gcc-g++             7.3.0-3
2018/07/16 09:39:14   75 install                                          man-db           2.7.6.1-1
2018/07/16 09:39:14   76 install                                          rebase             4.4.4-1
2018/07/16 09:39:14   77 install                                      base-files               4.2-4
2018/07/16 09:39:14   78 install                                   libopenssl100            1.0.2o-1
2018/07/16 09:39:14   79 install                                             tar              1.29-1
2018/07/16 09:39:14   80 install                                         openssl            1.0.2o-1
2018/07/16 09:39:18 Downloaded C:\Users\Bri\Downloads/http%3a%2f%2fcygwin.mirror.constant.com%2f/noarch/release/base-cygwin/base-cygwin-3.8-1.tar.xz
2018/07/16 09:39:19 Downloaded C:\Users\Bri\Downloads/http%3a%2f%2fcygwin.mirror.constant.com%2f/x86_64/release/cygwin/cygwin-2.10.0-1.tar.xz
2018/07/16 09:39:19 Downloaded C:\Users\Bri\Downloads/http%3a%2f%2fcygwin.mirror.constant.com%2f/x86_64/release/popt/libpopt-common/libpopt-common-1.16-2.tar.xz
2018/07/16 09:39:19 Downloaded C:\Users\Bri\Downloads/http%3a%2f%2fcygwin.mirror.constant.com%2f/x86_64/release/login/login-1.12-1.tar.xz
2018/07/16 09:39:19 Downloaded C:\Users\Bri\Downloads/http%3a%2f%2fcygwin.mirror.constant.com%2f/x86_64/release/mintty/mintty-2.9.0-0.tar.xz
2018/07/16 09:39:19 Downloaded C:\Users\Bri\Downloads/http%3a%2f%2fcygwin.mirror.constant.com%2f/x86_64/release/ncurses/terminfo/terminfo-6.0-12.20171125.tar.xz
2018/07/16 09:39:19 Downloaded C:\Users\Bri\Downloads/http%3a%2f%2fcygwin.mirror.constant.com%2f/noarch/release/tzdata/tzdata-2018e-1.tar.xz
2018/07/16 09:39:19 Downloaded C:\Users\Bri\Downloads/http%3a%2f%2fcygwin.mirror.constant.com%2f/x86_64/release/cygwin/cygwin-devel/cygwin-devel-2.10.0-1.tar.xz
2018/07/16 09:39:20 Downloaded C:\Users\Bri\Downloads/http%3a%2f%2fcygwin.mirror.constant.com%2f/x86_64/release/w32api-headers/w32api-headers-5.0.4-1.tar.xz
2018/07/16 09:39:20 Downloaded C:\Users\Bri\Downloads/http%3a%2f%2fcygwin.mirror.constant.com%2f/x86_64/release/windows-default-manifest/windows-default-manifest-6.4-1.tar.xz
2018/07/16 09:39:20 Downloaded C:\Users\Bri\Downloads/http%3a%2f%2fcygwin.mirror.constant.com%2f/x86_64/release/gcc/libatomic1/libatomic1-7.3.0-3.tar.xz
2018/07/16 09:39:20 Downloaded C:\Users\Bri\Downloads/http%3a%2f%2fcygwin.mirror.constant.com%2f/x86_64/release/zlib/zlib0/zlib0-1.2.11-1.tar.xz
2018/07/16 09:39:20 Downloaded C:\Users\Bri\Downloads/http%3a%2f%2fcygwin.mirror.constant.com%2f/x86_64/release/which/which-2.20-2.tar.bz2
2018/07/16 09:39:20 Downloaded C:\Users\Bri\Downloads/http%3a%2f%2fcygwin.mirror.constant.com%2f/x86_64/release/run/run-1.3.4-2.tar.xz
2018/07/16 09:39:20 Downloaded C:\Users\Bri\Downloads/http%3a%2f%2fcygwin.mirror.constant.com%2f/x86_64/release/libtasn1/libtasn1_6/libtasn1_6-4.13-1.tar.xz
2018/07/16 09:39:21 Downloaded C:\Users\Bri\Downloads/http%3a%2f%2fcygwin.mirror.constant.com%2f/x86_64/release/libsigsegv/libsigsegv2/libsigsegv2-2.10-2.tar.xz
2018/07/16 09:39:21 Downloaded C:\Users\Bri\Downloads/http%3a%2f%2fcygwin.mirror.constant.com%2f/x86_64/release/libpipeline/libpipeline1/libpipeline1-1.4.0-1.tar.xz
2018/07/16 09:39:21 Downloaded C:\Users\Bri\Downloads/http%3a%2f%2fcygwin.mirror.constant.com%2f/x86_64/release/pcre/libpcre1/libpcre1-8.40-3.tar.xz
2018/07/16 09:39:21 Downloaded C:\Users\Bri\Downloads/http%3a%2f%2fcygwin.mirror.constant.com%2f/x86_64/release/xz/liblzma5/liblzma5-5.2.3-1.tar.xz
2018/07/16 09:39:21 Downloaded C:\Users\Bri\Downloads/http%3a%2f%2fcygwin.mirror.constant.com%2f/x86_64/release/libiconv/libiconv2/libiconv2-1.14-3.tar.xz
2018/07/16 09:39:21 Downloaded C:\Users\Bri\Downloads/http%3a%2f%2fcygwin.mirror.constant.com%2f/x86_64/release/gmp/libgmp10/libgmp10-6.1.2-1.tar.xz
2018/07/16 09:39:21 Downloaded C:\Users\Bri\Downloads/http%3a%2f%2fcygwin.mirror.constant.com%2f/x86_64/release/gcc/libgcc1/libgcc1-7.3.0-3.tar.xz
2018/07/16 09:39:21 Downloaded C:\Users\Bri\Downloads/http%3a%2f%2fcygwin.mirror.constant.com%2f/x86_64/release/libffi/libffi6/libffi6-3.2.1-2.tar.xz
2018/07/16 09:39:21 Downloaded C:\Users\Bri\Downloads/http%3a%2f%2fcygwin.mirror.constant.com%2f/x86_64/release/bzip2/libbz2_1/libbz2_1-1.0.6-3.tar.xz
2018/07/16 09:39:21 Downloaded C:\Users\Bri\Downloads/http%3a%2f%2fcygwin.mirror.constant.com%2f/x86_64/release/libargp/libargp-20110921-3.tar.xz
2018/07/16 09:39:21 Downloaded C:\Users\Bri\Downloads/http%3a%2f%2fcygwin.mirror.constant.com%2f/x86_64/release/ipc-utils/ipc-utils-1.0-2.tar.bz2
2018/07/16 09:39:21 Downloaded C:\Users\Bri\Downloads/http%3a%2f%2fcygwin.mirror.constant.com%2f/x86_64/release/hostname/hostname-3.13-1.tar.bz2
2018/07/16 09:39:21 Downloaded C:\Users\Bri\Downloads/http%3a%2f%2fcygwin.mirror.constant.com%2f/x86_64/release/editrights/editrights-1.03-1.tar.xz
2018/07/16 09:39:21 Downloaded C:\Users\Bri\Downloads/http%3a%2f%2fcygwin.mirror.constant.com%2f/x86_64/release/dash/dash-0.5.9.1-1.tar.xz
2018/07/16 09:39:21 Downloaded C:\Users\Bri\Downloads/http%3a%2f%2fcygwin.mirror.constant.com%2f/x86_64/release/ncurses/libncursesw10/libncursesw10-6.0-12.20171125.tar.xz
2018/07/16 09:39:22 Downloaded C:\Users\Bri\Downloads/http%3a%2f%2fcygwin.mirror.constant.com%2f/x86_64/release/w32api-runtime/w32api-runtime-5.0.4-1.tar.xz
2018/07/16 09:39:22 Downloaded C:\Users\Bri\Downloads/http%3a%2f%2fcygwin.mirror.constant.com%2f/x86_64/release/file/file-5.32-1.tar.xz
2018/07/16 09:39:22 Downloaded C:\Users\Bri\Downloads/http%3a%2f%2fcygwin.mirror.constant.com%2f/x86_64/release/gettext/libintl8/libintl8-0.19.8.1-2.tar.xz
2018/07/16 09:39:22 Downloaded C:\Users\Bri\Downloads/http%3a%2f%2fcygwin.mirror.constant.com%2f/x86_64/release/isl/libisl15/libisl15-0.16.1-1.tar.xz
2018/07/16 09:39:22 Downloaded C:\Users\Bri\Downloads/http%3a%2f%2fcygwin.mirror.constant.com%2f/x86_64/release/gcc/libquadmath0/libquadmath0-7.3.0-3.tar.xz
2018/07/16 09:39:22 Downloaded C:\Users\Bri\Downloads/http%3a%2f%2fcygwin.mirror.constant.com%2f/x86_64/release/gcc/libgomp1/libgomp1-7.3.0-3.tar.xz
2018/07/16 09:39:23 Downloaded C:\Users\Bri\Downloads/http%3a%2f%2fcygwin.mirror.constant.com%2f/x86_64/release/gcc/libstdc++6/libstdc++6-7.3.0-3.tar.xz
2018/07/16 09:39:23 Downloaded C:\Users\Bri\Downloads/http%3a%2f%2fcygwin.mirror.constant.com%2f/x86_64/release/mpfr/libmpfr6/libmpfr6-4.0.1-3p6.tar.xz
2018/07/16 09:39:23 Downloaded C:\Users\Bri\Downloads/http%3a%2f%2fcygwin.mirror.constant.com%2f/x86_64/release/getent/getent-2.18.90-4.tar.xz
2018/07/16 09:39:23 Downloaded C:\Users\Bri\Downloads/http%3a%2f%2fcygwin.mirror.constant.com%2f/noarch/release/_autorebase/_autorebase-001007-1.tar.xz
2018/07/16 09:39:23 Downloaded C:\Users\Bri\Downloads/http%3a%2f%2fcygwin.mirror.constant.com%2f/x86_64/release/vim/vim-minimal/vim-minimal-8.0.1567-1.tar.xz
2018/07/16 09:39:23 Downloaded C:\Users\Bri\Downloads/http%3a%2f%2fcygwin.mirror.constant.com%2f/x86_64/release/ncurses/ncurses-6.0-12.20171125.tar.xz
2018/07/16 09:39:23 Downloaded C:\Users\Bri\Downloads/http%3a%2f%2fcygwin.mirror.constant.com%2f/x86_64/release/readline/libreadline7/libreadline7-7.0.3-3.tar.xz
2018/07/16 09:39:23 Downloaded C:\Users\Bri\Downloads/http%3a%2f%2fcygwin.mirror.constant.com%2f/x86_64/release/less/less-530-1.tar.xz
2018/07/16 09:39:24 Downloaded C:\Users\Bri\Downloads/http%3a%2f%2fcygwin.mirror.constant.com%2f/x86_64/release/binutils/binutils-2.29-1.tar.xz
2018/07/16 09:39:24 Downloaded C:\Users\Bri\Downloads/http%3a%2f%2fcygwin.mirror.constant.com%2f/x86_64/release/sed/sed-4.4-1.tar.xz
2018/07/16 09:39:24 Downloaded C:\Users\Bri\Downloads/http%3a%2f%2fcygwin.mirror.constant.com%2f/x86_64/release/util-linux/libuuid1/libuuid1-2.25.2-2.tar.xz
2018/07/16 09:39:24 Downloaded C:\Users\Bri\Downloads/http%3a%2f%2fcygwin.mirror.constant.com%2f/x86_64/release/util-linux/libsmartcols1/libsmartcols1-2.25.2-2.tar.xz
2018/07/16 09:39:24 Downloaded C:\Users\Bri\Downloads/http%3a%2f%2fcygwin.mirror.constant.com%2f/x86_64/release/popt/libpopt0/libpopt0-1.16-2.tar.xz
2018/07/16 09:39:25 Downloaded C:\Users\Bri\Downloads/http%3a%2f%2fcygwin.mirror.constant.com%2f/x86_64/release/p11-kit/libp11-kit0/libp11-kit0-0.23.10-1.tar.xz
2018/07/16 09:39:25 Downloaded C:\Users\Bri\Downloads/http%3a%2f%2fcygwin.mirror.constant.com%2f/x86_64/release/libiconv/libiconv-1.14-3.tar.xz
2018/07/16 09:39:25 Downloaded C:\Users\Bri\Downloads/http%3a%2f%2fcygwin.mirror.constant.com%2f/x86_64/release/gdbm/libgdbm4/libgdbm4-1.12-1.tar.xz
2018/07/16 09:39:25 Downloaded C:\Users\Bri\Downloads/http%3a%2f%2fcygwin.mirror.constant.com%2f/x86_64/release/attr/libattr1/libattr1-2.4.46-1.tar.bz2
2018/07/16 09:39:25 Downloaded C:\Users\Bri\Downloads/http%3a%2f%2fcygwin.mirror.constant.com%2f/x86_64/release/texinfo/info/info-6.5-2.tar.xz
2018/07/16 09:39:25 Downloaded C:\Users\Bri\Downloads/http%3a%2f%2fcygwin.mirror.constant.com%2f/x86_64/release/diffutils/diffutils-3.5-2.tar.xz
2018/07/16 09:39:25 Downloaded C:\Users\Bri\Downloads/http%3a%2f%2fcygwin.mirror.constant.com%2f/x86_64/release/alternatives/alternatives-1.3.30c-10.tar.bz2
2018/07/16 09:39:25 Downloaded C:\Users\Bri\Downloads/http%3a%2f%2fcygwin.mirror.constant.com%2f/x86_64/release/mpclib/libmpc3/libmpc3-1.1.0-1.tar.xz
2018/07/16 09:39:26 Downloaded C:\Users\Bri\Downloads/http%3a%2f%2fcygwin.mirror.constant.com%2f/x86_64/release/gawk/gawk-4.2.1-1.tar.xz
2018/07/16 09:39:26 Downloaded C:\Users\Bri\Downloads/http%3a%2f%2fcygwin.mirror.constant.com%2f/x86_64/release/util-linux/libblkid1/libblkid1-2.25.2-2.tar.xz
2018/07/16 09:39:26 Downloaded C:\Users\Bri\Downloads/http%3a%2f%2fcygwin.mirror.constant.com%2f/x86_64/release/cygutils/cygutils-1.4.16-2.tar.xz
2018/07/16 09:39:26 Downloaded C:\Users\Bri\Downloads/http%3a%2f%2fcygwin.mirror.constant.com%2f/x86_64/release/p11-kit/p11-kit-trust/p11-kit-trust-0.23.10-1.tar.xz
2018/07/16 09:39:26 Downloaded C:\Users\Bri\Downloads/http%3a%2f%2fcygwin.mirror.constant.com%2f/x86_64/release/p11-kit/p11-kit-0.23.10-1.tar.xz
2018/07/16 09:39:26 Downloaded C:\Users\Bri\Downloads/http%3a%2f%2fcygwin.mirror.constant.com%2f/x86_64/release/coreutils/coreutils-8.26-2.tar.xz
2018/07/16 09:39:26 Downloaded C:\Users\Bri\Downloads/http%3a%2f%2fcygwin.mirror.constant.com%2f/x86_64/release/util-linux/util-linux-2.25.2-2.tar.xz
2018/07/16 09:39:27 Downloaded C:\Users\Bri\Downloads/http%3a%2f%2fcygwin.mirror.constant.com%2f/x86_64/release/bash/bash-4.4.12-3.tar.xz
2018/07/16 09:39:27 Downloaded C:\Users\Bri\Downloads/http%3a%2f%2fcygwin.mirror.constant.com%2f/x86_64/release/tzcode/tzcode-2018e-1.tar.xz
2018/07/16 09:39:29 Downloaded C:\Users\Bri\Downloads/http%3a%2f%2fcygwin.mirror.constant.com%2f/x86_64/release/gcc/gcc-core/gcc-core-7.3.0-3.tar.xz
2018/07/16 09:39:29 Downloaded C:\Users\Bri\Downloads/http%3a%2f%2fcygwin.mirror.constant.com%2f/x86_64/release/xz/xz-5.2.3-1.tar.xz
2018/07/16 09:39:29 Downloaded C:\Users\Bri\Downloads/http%3a%2f%2fcygwin.mirror.constant.com%2f/x86_64/release/gzip/gzip-1.8-1.tar.xz
2018/07/16 09:39:30 Downloaded C:\Users\Bri\Downloads/http%3a%2f%2fcygwin.mirror.constant.com%2f/x86_64/release/groff/groff-1.22.3-1.tar.xz
2018/07/16 09:39:30 Downloaded C:\Users\Bri\Downloads/http%3a%2f%2fcygwin.mirror.constant.com%2f/x86_64/release/grep/grep-3.0-2.tar.xz
2018/07/16 09:39:30 Downloaded C:\Users\Bri\Downloads/http%3a%2f%2fcygwin.mirror.constant.com%2f/x86_64/release/findutils/findutils-4.6.0-1.tar.xz
2018/07/16 09:39:30 Downloaded C:\Users\Bri\Downloads/http%3a%2f%2fcygwin.mirror.constant.com%2f/noarch/release/ca-certificates/ca-certificates-2.22-1.tar.xz
2018/07/16 09:39:30 Downloaded C:\Users\Bri\Downloads/http%3a%2f%2fcygwin.mirror.constant.com%2f/x86_64/release/bzip2/bzip2-1.0.6-3.tar.xz
2018/07/16 09:39:32 Downloaded C:\Users\Bri\Downloads/http%3a%2f%2fcygwin.mirror.constant.com%2f/x86_64/release/gcc/gcc-g++/gcc-g++-7.3.0-3.tar.xz
2018/07/16 09:39:32 Downloaded C:\Users\Bri\Downloads/http%3a%2f%2fcygwin.mirror.constant.com%2f/x86_64/release/man-db/man-db-2.7.6.1-1.tar.xz
2018/07/16 09:39:32 Downloaded C:\Users\Bri\Downloads/http%3a%2f%2fcygwin.mirror.constant.com%2f/x86_64/release/rebase/rebase-4.4.4-1.tar.xz
2018/07/16 09:39:32 Downloaded C:\Users\Bri\Downloads/http%3a%2f%2fcygwin.mirror.constant.com%2f/noarch/release/base-files/base-files-4.2-4.tar.xz
2018/07/16 09:39:33 Downloaded C:\Users\Bri\Downloads/http%3a%2f%2fcygwin.mirror.constant.com%2f/x86_64/release/openssl/libopenssl100/libopenssl100-1.0.2o-1.tar.xz
2018/07/16 09:39:33 Downloaded C:\Users\Bri\Downloads/http%3a%2f%2fcygwin.mirror.constant.com%2f/x86_64/release/tar/tar-1.29-1.tar.xz
2018/07/16 09:39:33 Downloaded C:\Users\Bri\Downloads/http%3a%2f%2fcygwin.mirror.constant.com%2f/x86_64/release/openssl/openssl-1.0.2o-1.tar.xz
2018/07/16 09:39:33 Extracting from file://C:\Users\Bri\Downloads/http%3a%2f%2fcygwin.mirror.constant.com%2f/noarch/release/base-cygwin/base-cygwin-3.8-1.tar.xz
2018/07/16 09:39:33 Extracting from file://C:\Users\Bri\Downloads/http%3a%2f%2fcygwin.mirror.constant.com%2f/x86_64/release/cygwin/cygwin-2.10.0-1.tar.xz
2018/07/16 09:39:36 Extracting from file://C:\Users\Bri\Downloads/http%3a%2f%2fcygwin.mirror.constant.com%2f/x86_64/release/popt/libpopt-common/libpopt-common-1.16-2.tar.xz
2018/07/16 09:39:38 Extracting from file://C:\Users\Bri\Downloads/http%3a%2f%2fcygwin.mirror.constant.com%2f/x86_64/release/login/login-1.12-1.tar.xz
2018/07/16 09:39:38 Extracting from file://C:\Users\Bri\Downloads/http%3a%2f%2fcygwin.mirror.constant.com%2f/x86_64/release/mintty/mintty-2.9.0-0.tar.xz
2018/07/16 09:39:40 Extracting from file://C:\Users\Bri\Downloads/http%3a%2f%2fcygwin.mirror.constant.com%2f/x86_64/release/ncurses/terminfo/terminfo-6.0-12.20171125.tar.xz
2018/07/16 09:39:44 Extracting from file://C:\Users\Bri\Downloads/http%3a%2f%2fcygwin.mirror.constant.com%2f/noarch/release/tzdata/tzdata-2018e-1.tar.xz
2018/07/16 09:40:31 Extracting from file://C:\Users\Bri\Downloads/http%3a%2f%2fcygwin.mirror.constant.com%2f/x86_64/release/cygwin/cygwin-devel/cygwin-devel-2.10.0-1.tar.xz
2018/07/16 09:40:39 Extracting from file://C:\Users\Bri\Downloads/http%3a%2f%2fcygwin.mirror.constant.com%2f/x86_64/release/w32api-headers/w32api-headers-5.0.4-1.tar.xz
2018/07/16 09:41:26 Extracting from file://C:\Users\Bri\Downloads/http%3a%2f%2fcygwin.mirror.constant.com%2f/x86_64/release/windows-default-manifest/windows-default-manifest-6.4-1.tar.xz
2018/07/16 09:41:26 Extracting from file://C:\Users\Bri\Downloads/http%3a%2f%2fcygwin.mirror.constant.com%2f/x86_64/release/gcc/libatomic1/libatomic1-7.3.0-3.tar.xz
2018/07/16 09:41:26 Extracting from file://C:\Users\Bri\Downloads/http%3a%2f%2fcygwin.mirror.constant.com%2f/x86_64/release/zlib/zlib0/zlib0-1.2.11-1.tar.xz
2018/07/16 09:41:26 Extracting from file://C:\Users\Bri\Downloads/http%3a%2f%2fcygwin.mirror.constant.com%2f/x86_64/release/which/which-2.20-2.tar.bz2
2018/07/16 09:41:26 Extracting from file://C:\Users\Bri\Downloads/http%3a%2f%2fcygwin.mirror.constant.com%2f/x86_64/release/run/run-1.3.4-2.tar.xz
2018/07/16 09:41:27 Extracting from file://C:\Users\Bri\Downloads/http%3a%2f%2fcygwin.mirror.constant.com%2f/x86_64/release/libtasn1/libtasn1_6/libtasn1_6-4.13-1.tar.xz
2018/07/16 09:41:27 Extracting from file://C:\Users\Bri\Downloads/http%3a%2f%2fcygwin.mirror.constant.com%2f/x86_64/release/libsigsegv/libsigsegv2/libsigsegv2-2.10-2.tar.xz
2018/07/16 09:41:27 Extracting from file://C:\Users\Bri\Downloads/http%3a%2f%2fcygwin.mirror.constant.com%2f/x86_64/release/libpipeline/libpipeline1/libpipeline1-1.4.0-1.tar.xz
2018/07/16 09:41:27 Extracting from file://C:\Users\Bri\Downloads/http%3a%2f%2fcygwin.mirror.constant.com%2f/x86_64/release/pcre/libpcre1/libpcre1-8.40-3.tar.xz
2018/07/16 09:41:27 Extracting from file://C:\Users\Bri\Downloads/http%3a%2f%2fcygwin.mirror.constant.com%2f/x86_64/release/xz/liblzma5/liblzma5-5.2.3-1.tar.xz
2018/07/16 09:41:27 Extracting from file://C:\Users\Bri\Downloads/http%3a%2f%2fcygwin.mirror.constant.com%2f/x86_64/release/libiconv/libiconv2/libiconv2-1.14-3.tar.xz
2018/07/16 09:41:27 Extracting from file://C:\Users\Bri\Downloads/http%3a%2f%2fcygwin.mirror.constant.com%2f/x86_64/release/gmp/libgmp10/libgmp10-6.1.2-1.tar.xz
2018/07/16 09:41:27 Extracting from file://C:\Users\Bri\Downloads/http%3a%2f%2fcygwin.mirror.constant.com%2f/x86_64/release/gcc/libgcc1/libgcc1-7.3.0-3.tar.xz
2018/07/16 09:41:27 Extracting from file://C:\Users\Bri\Downloads/http%3a%2f%2fcygwin.mirror.constant.com%2f/x86_64/release/libffi/libffi6/libffi6-3.2.1-2.tar.xz
2018/07/16 09:41:28 Extracting from file://C:\Users\Bri\Downloads/http%3a%2f%2fcygwin.mirror.constant.com%2f/x86_64/release/bzip2/libbz2_1/libbz2_1-1.0.6-3.tar.xz
2018/07/16 09:41:28 Extracting from file://C:\Users\Bri\Downloads/http%3a%2f%2fcygwin.mirror.constant.com%2f/x86_64/release/libargp/libargp-20110921-3.tar.xz
2018/07/16 09:41:28 Extracting from file://C:\Users\Bri\Downloads/http%3a%2f%2fcygwin.mirror.constant.com%2f/x86_64/release/ipc-utils/ipc-utils-1.0-2.tar.bz2
2018/07/16 09:41:28 Extracting from file://C:\Users\Bri\Downloads/http%3a%2f%2fcygwin.mirror.constant.com%2f/x86_64/release/hostname/hostname-3.13-1.tar.bz2
2018/07/16 09:41:28 Extracting from file://C:\Users\Bri\Downloads/http%3a%2f%2fcygwin.mirror.constant.com%2f/x86_64/release/editrights/editrights-1.03-1.tar.xz
2018/07/16 09:41:28 Extracting from file://C:\Users\Bri\Downloads/http%3a%2f%2fcygwin.mirror.constant.com%2f/x86_64/release/dash/dash-0.5.9.1-1.tar.xz
2018/07/16 09:41:29 Extracting from file://C:\Users\Bri\Downloads/http%3a%2f%2fcygwin.mirror.constant.com%2f/x86_64/release/ncurses/libncursesw10/libncursesw10-6.0-12.20171125.tar.xz
2018/07/16 09:41:29 Extracting from file://C:\Users\Bri\Downloads/http%3a%2f%2fcygwin.mirror.constant.com%2f/x86_64/release/w32api-runtime/w32api-runtime-5.0.4-1.tar.xz
2018/07/16 09:42:12 Extracting from file://C:\Users\Bri\Downloads/http%3a%2f%2fcygwin.mirror.constant.com%2f/x86_64/release/file/file-5.32-1.tar.xz
2018/07/16 09:42:14 Extracting from file://C:\Users\Bri\Downloads/http%3a%2f%2fcygwin.mirror.constant.com%2f/x86_64/release/gettext/libintl8/libintl8-0.19.8.1-2.tar.xz
2018/07/16 09:42:14 Extracting from file://C:\Users\Bri\Downloads/http%3a%2f%2fcygwin.mirror.constant.com%2f/x86_64/release/isl/libisl15/libisl15-0.16.1-1.tar.xz
2018/07/16 09:42:15 Extracting from file://C:\Users\Bri\Downloads/http%3a%2f%2fcygwin.mirror.constant.com%2f/x86_64/release/gcc/libquadmath0/libquadmath0-7.3.0-3.tar.xz
2018/07/16 09:42:15 Extracting from file://C:\Users\Bri\Downloads/http%3a%2f%2fcygwin.mirror.constant.com%2f/x86_64/release/gcc/libgomp1/libgomp1-7.3.0-3.tar.xz
2018/07/16 09:42:15 Extracting from file://C:\Users\Bri\Downloads/http%3a%2f%2fcygwin.mirror.constant.com%2f/x86_64/release/gcc/libstdc++6/libstdc++6-7.3.0-3.tar.xz
2018/07/16 09:42:15 Extracting from file://C:\Users\Bri\Downloads/http%3a%2f%2fcygwin.mirror.constant.com%2f/x86_64/release/mpfr/libmpfr6/libmpfr6-4.0.1-3p6.tar.xz
2018/07/16 09:42:15 Extracting from file://C:\Users\Bri\Downloads/http%3a%2f%2fcygwin.mirror.constant.com%2f/x86_64/release/getent/getent-2.18.90-4.tar.xz
2018/07/16 09:42:15 Extracting from file://C:\Users\Bri\Downloads/http%3a%2f%2fcygwin.mirror.constant.com%2f/noarch/release/_autorebase/_autorebase-001007-1.tar.xz
2018/07/16 09:42:16 Extracting from file://C:\Users\Bri\Downloads/http%3a%2f%2fcygwin.mirror.constant.com%2f/x86_64/release/vim/vim-minimal/vim-minimal-8.0.1567-1.tar.xz
2018/07/16 09:42:18 Extracting from file://C:\Users\Bri\Downloads/http%3a%2f%2fcygwin.mirror.constant.com%2f/x86_64/release/ncurses/ncurses-6.0-12.20171125.tar.xz
2018/07/16 09:42:19 Extracting from file://C:\Users\Bri\Downloads/http%3a%2f%2fcygwin.mirror.constant.com%2f/x86_64/release/readline/libreadline7/libreadline7-7.0.3-3.tar.xz
2018/07/16 09:42:19 Extracting from file://C:\Users\Bri\Downloads/http%3a%2f%2fcygwin.mirror.constant.com%2f/x86_64/release/less/less-530-1.tar.xz
2018/07/16 09:42:19 Extracting from file://C:\Users\Bri\Downloads/http%3a%2f%2fcygwin.mirror.constant.com%2f/x86_64/release/binutils/binutils-2.29-1.tar.xz
2018/07/16 09:42:33 Extracting from file://C:\Users\Bri\Downloads/http%3a%2f%2fcygwin.mirror.constant.com%2f/x86_64/release/sed/sed-4.4-1.tar.xz
2018/07/16 09:42:35 Extracting from file://C:\Users\Bri\Downloads/http%3a%2f%2fcygwin.mirror.constant.com%2f/x86_64/release/util-linux/libuuid1/libuuid1-2.25.2-2.tar.xz
2018/07/16 09:42:35 Extracting from file://C:\Users\Bri\Downloads/http%3a%2f%2fcygwin.mirror.constant.com%2f/x86_64/release/util-linux/libsmartcols1/libsmartcols1-2.25.2-2.tar.xz
2018/07/16 09:42:35 Extracting from file://C:\Users\Bri\Downloads/http%3a%2f%2fcygwin.mirror.constant.com%2f/x86_64/release/popt/libpopt0/libpopt0-1.16-2.tar.xz
2018/07/16 09:42:35 Extracting from file://C:\Users\Bri\Downloads/http%3a%2f%2fcygwin.mirror.constant.com%2f/x86_64/release/p11-kit/libp11-kit0/libp11-kit0-0.23.10-1.tar.xz
2018/07/16 09:42:35 Extracting from file://C:\Users\Bri\Downloads/http%3a%2f%2fcygwin.mirror.constant.com%2f/x86_64/release/libiconv/libiconv-1.14-3.tar.xz
2018/07/16 09:42:37 Extracting from file://C:\Users\Bri\Downloads/http%3a%2f%2fcygwin.mirror.constant.com%2f/x86_64/release/gdbm/libgdbm4/libgdbm4-1.12-1.tar.xz
2018/07/16 09:42:37 Extracting from file://C:\Users\Bri\Downloads/http%3a%2f%2fcygwin.mirror.constant.com%2f/x86_64/release/attr/libattr1/libattr1-2.4.46-1.tar.bz2
2018/07/16 09:42:37 Extracting from file://C:\Users\Bri\Downloads/http%3a%2f%2fcygwin.mirror.constant.com%2f/x86_64/release/texinfo/info/info-6.5-2.tar.xz
2018/07/16 09:42:40 Extracting from file://C:\Users\Bri\Downloads/http%3a%2f%2fcygwin.mirror.constant.com%2f/x86_64/release/diffutils/diffutils-3.5-2.tar.xz
2018/07/16 09:42:42 Extracting from file://C:\Users\Bri\Downloads/http%3a%2f%2fcygwin.mirror.constant.com%2f/x86_64/release/alternatives/alternatives-1.3.30c-10.tar.bz2
2018/07/16 09:42:46 Extracting from file://C:\Users\Bri\Downloads/http%3a%2f%2fcygwin.mirror.constant.com%2f/x86_64/release/mpclib/libmpc3/libmpc3-1.1.0-1.tar.xz
2018/07/16 09:42:46 Extracting from file://C:\Users\Bri\Downloads/http%3a%2f%2fcygwin.mirror.constant.com%2f/x86_64/release/gawk/gawk-4.2.1-1.tar.xz
2018/07/16 09:42:50 Extracting from file://C:\Users\Bri\Downloads/http%3a%2f%2fcygwin.mirror.constant.com%2f/x86_64/release/util-linux/libblkid1/libblkid1-2.25.2-2.tar.xz
2018/07/16 09:42:50 Extracting from file://C:\Users\Bri\Downloads/http%3a%2f%2fcygwin.mirror.constant.com%2f/x86_64/release/cygutils/cygutils-1.4.16-2.tar.xz
2018/07/16 09:42:50 Extracting from file://C:\Users\Bri\Downloads/http%3a%2f%2fcygwin.mirror.constant.com%2f/x86_64/release/p11-kit/p11-kit-trust/p11-kit-trust-0.23.10-1.tar.xz
2018/07/16 09:42:51 Extracting from file://C:\Users\Bri\Downloads/http%3a%2f%2fcygwin.mirror.constant.com%2f/x86_64/release/p11-kit/p11-kit-0.23.10-1.tar.xz
2018/07/16 09:42:51 Extracting from file://C:\Users\Bri\Downloads/http%3a%2f%2fcygwin.mirror.constant.com%2f/x86_64/release/coreutils/coreutils-8.26-2.tar.xz
2018/07/16 09:43:02 Extracting from file://C:\Users\Bri\Downloads/http%3a%2f%2fcygwin.mirror.constant.com%2f/x86_64/release/util-linux/util-linux-2.25.2-2.tar.xz
2018/07/16 09:43:08 Extracting from file://C:\Users\Bri\Downloads/http%3a%2f%2fcygwin.mirror.constant.com%2f/x86_64/release/bash/bash-4.4.12-3.tar.xz
2018/07/16 09:43:15 Extracting from file://C:\Users\Bri\Downloads/http%3a%2f%2fcygwin.mirror.constant.com%2f/x86_64/release/tzcode/tzcode-2018e-1.tar.xz
2018/07/16 09:43:16 Extracting from file://C:\Users\Bri\Downloads/http%3a%2f%2fcygwin.mirror.constant.com%2f/x86_64/release/gcc/gcc-core/gcc-core-7.3.0-3.tar.xz
2018/07/16 09:43:31 Extracting from file://C:\Users\Bri\Downloads/http%3a%2f%2fcygwin.mirror.constant.com%2f/x86_64/release/xz/xz-5.2.3-1.tar.xz
2018/07/16 09:43:33 Extracting from file://C:\Users\Bri\Downloads/http%3a%2f%2fcygwin.mirror.constant.com%2f/x86_64/release/gzip/gzip-1.8-1.tar.xz
2018/07/16 09:43:34 Extracting from file://C:\Users\Bri\Downloads/http%3a%2f%2fcygwin.mirror.constant.com%2f/x86_64/release/groff/groff-1.22.3-1.tar.xz
2018/07/16 09:43:58 Extracting from file://C:\Users\Bri\Downloads/http%3a%2f%2fcygwin.mirror.constant.com%2f/x86_64/release/grep/grep-3.0-2.tar.xz
2018/07/16 09:44:00 Extracting from file://C:\Users\Bri\Downloads/http%3a%2f%2fcygwin.mirror.constant.com%2f/x86_64/release/findutils/findutils-4.6.0-1.tar.xz
2018/07/16 09:44:02 Extracting from file://C:\Users\Bri\Downloads/http%3a%2f%2fcygwin.mirror.constant.com%2f/noarch/release/ca-certificates/ca-certificates-2.22-1.tar.xz
2018/07/16 09:44:03 Extracting from file://C:\Users\Bri\Downloads/http%3a%2f%2fcygwin.mirror.constant.com%2f/x86_64/release/bzip2/bzip2-1.0.6-3.tar.xz
2018/07/16 09:44:05 Extracting from file://C:\Users\Bri\Downloads/http%3a%2f%2fcygwin.mirror.constant.com%2f/x86_64/release/gcc/gcc-g++/gcc-g++-7.3.0-3.tar.xz
2018/07/16 09:44:39 Extracting from file://C:\Users\Bri\Downloads/http%3a%2f%2fcygwin.mirror.constant.com%2f/x86_64/release/man-db/man-db-2.7.6.1-1.tar.xz
2018/07/16 09:44:47 Extracting from file://C:\Users\Bri\Downloads/http%3a%2f%2fcygwin.mirror.constant.com%2f/x86_64/release/rebase/rebase-4.4.4-1.tar.xz
2018/07/16 09:44:48 Extracting from file://C:\Users\Bri\Downloads/http%3a%2f%2fcygwin.mirror.constant.com%2f/noarch/release/base-files/base-files-4.2-4.tar.xz
2018/07/16 09:44:49 Extracting from file://C:\Users\Bri\Downloads/http%3a%2f%2fcygwin.mirror.constant.com%2f/x86_64/release/openssl/libopenssl100/libopenssl100-1.0.2o-1.tar.xz
2018/07/16 09:44:50 Extracting from file://C:\Users\Bri\Downloads/http%3a%2f%2fcygwin.mirror.constant.com%2f/x86_64/release/tar/tar-1.29-1.tar.xz
2018/07/16 09:44:53 Extracting from file://C:\Users\Bri\Downloads/http%3a%2f%2fcygwin.mirror.constant.com%2f/x86_64/release/openssl/openssl-1.0.2o-1.tar.xz
2018/07/16 09:44:57 Changing gid back to original
2018/07/16 09:44:57 running: E:\pratice\bin\dash.exe "/etc/postinstall/0p_000_autorebase.dash"
2018/07/16 09:45:25 running: E:\pratice\bin\dash.exe "/etc/postinstall/0p_update-info-dir.dash"
2018/07/16 09:45:32 running: E:\pratice\bin\bash.exe --norc --noprofile "/etc/postinstall/000-cygwin-post-install.sh"
2018/07/16 09:45:32 running: E:\pratice\bin\bash.exe --norc --noprofile "/etc/postinstall/coreutils.sh"
2018/07/16 09:45:33 running: E:\pratice\bin\bash.exe --norc --noprofile "/etc/postinstall/bash.sh"
2018/07/16 09:45:33 running: E:\pratice\bin\bash.exe --norc --noprofile "/etc/postinstall/base-files-mketc.sh"
2018/07/16 09:45:34 running: E:\pratice\bin\bash.exe --norc --noprofile "/etc/postinstall/base-files-profile.sh"
2018/07/16 09:45:37 running: E:\pratice\bin\bash.exe --norc --noprofile "/etc/postinstall/ca-certificates.sh"
2018/07/16 09:45:41 running: E:\pratice\bin\bash.exe --norc --noprofile "/etc/postinstall/man-db.sh"
2018/07/16 09:45:42 running: E:\pratice\bin\bash.exe --norc --noprofile "/etc/postinstall/mintty.sh"
2018/07/16 09:45:42 running: E:\pratice\bin\bash.exe --norc --noprofile "/etc/postinstall/zp_man-db.sh"
2018/07/16 09:45:42 Changing gid to Administrators
2018/07/16 09:45:45 note: Installation Complete
2018/07/16 09:45:45 Ending cygwin install
